  Changejson.cpp
d:\project\autodeployeasiupdatetomyou\packages\cvte.jsoncpp.native.dynamic.md_d.1.7.4\build\native\include\json\value.h(53): warning C4275: 非 dll 接口 class“std::exception”用作 dll 接口 class“Json::Exception”的基
  C:\Program Files (x86)\Microsoft Visual Studio 14.0\VC\include\vcruntime_exception.h(43): note: 参见“std::exception”的声明
  d:\project\autodeployeasiupdatetomyou\packages\cvte.jsoncpp.native.dynamic.md_d.1.7.4\build\native\include\json\value.h(53): note: 参见“Json::Exception”的声明
  CopyFile.cpp
  deletefile.cpp
  ExtractVersion.cpp
  GetCookie.cpp
  GetDiffHour.cpp
GetDiffHour.cpp(21): warning C4244: “参数”: 从“double”转换到“const time_t”，可能丢失数据
  Getdrive.cpp
Getdrive.cpp(22): warning C4244: “=”: 从“WCHAR”转换到“char”，可能丢失数据
  GetExeFile.cpp
  list_exefile.cpp
  List_Filepath.cpp
  main.cpp
d:\project\autodeployeasiupdatetomyou\autodeployeasiupdatetomyou\SilentInstallation.h(35): warning C4114: 多次使用同一类型限定符
d:\project\autodeployeasiupdatetomyou\autodeployeasiupdatetomyou\SilentInstallation.h(38): warning C4114: 多次使用同一类型限定符
d:\project\autodeployeasiupdatetomyou\packages\cvte.jsoncpp.native.dynamic.md_d.1.7.4\build\native\include\json\value.h(53): warning C4275: 非 dll 接口 class“std::exception”用作 dll 接口 class“Json::Exception”的基
  C:\Program Files (x86)\Microsoft Visual Studio 14.0\VC\include\vcruntime_exception.h(43): note: 参见“std::exception”的声明
  d:\project\autodeployeasiupdatetomyou\packages\cvte.jsoncpp.native.dynamic.md_d.1.7.4\build\native\include\json\value.h(53): note: 参见“Json::Exception”的声明
  md5.cpp
  Move_Cursor.cpp
Move_Cursor.cpp(9): warning C4838: 从“int”转换到“SHORT”需要收缩转换
  myzip.cpp
myzip.cpp(83): warning C4018: “<”: 有符号/无符号不匹配
  PostFiletoWeb.cpp
  Postpackage.cpp
d:\project\autodeployeasiupdatetomyou\autodeployeasiupdatetomyou\SilentInstallation.h(35): warning C4114: 多次使用同一类型限定符
d:\project\autodeployeasiupdatetomyou\autodeployeasiupdatetomyou\SilentInstallation.h(38): warning C4114: 多次使用同一类型限定符
d:\project\autodeployeasiupdatetomyou\packages\cvte.jsoncpp.native.dynamic.md_d.1.7.4\build\native\include\json\value.h(53): warning C4275: 非 dll 接口 class“std::exception”用作 dll 接口 class“Json::Exception”的基
  C:\Program Files (x86)\Microsoft Visual Studio 14.0\VC\include\vcruntime_exception.h(43): note: 参见“std::exception”的声明
  d:\project\autodeployeasiupdatetomyou\packages\cvte.jsoncpp.native.dynamic.md_d.1.7.4\build\native\include\json\value.h(53): note: 参见“Json::Exception”的声明
  SilentInstallation.cpp
d:\project\autodeployeasiupdatetomyou\autodeployeasiupdatetomyou\SilentInstallation.h(35): warning C4114: 多次使用同一类型限定符
d:\project\autodeployeasiupdatetomyou\autodeployeasiupdatetomyou\SilentInstallation.h(38): warning C4114: 多次使用同一类型限定符
SilentInstallation.cpp(3): warning C4114: 多次使用同一类型限定符
SilentInstallation.cpp(8): warning C4114: 多次使用同一类型限定符
  zip.cpp
  正在生成代码
  All 759 functions were compiled because no usable IPDB/IOBJ from previous compilation was found.
  已完成代码的生成
  AutoDeployEasiUpdateToMyou.vcxproj -> D:\Project\AutoDeployEasiUpdateToMyou\Release\AutoDeployEasiUpdateToMyou.exe
  AutoDeployEasiUpdateToMyou.vcxproj -> D:\Project\AutoDeployEasiUpdateToMyou\Release\AutoDeployEasiUpdateToMyou.pdb (Full PDB)
